{"C:\\projects\\tedd\\src\\config\\database.js": {"path":"C:\\projects\\tedd\\src\\config\\database.js","statementMap":{"0":{"start":{"line":1,"column":22},"end":{"line":1,"column":42}},"1":{"start":{"line":2,"column":0},"end":{"line":2,"column":27}},"2":{"start":{"line":4,"column":18},"end":{"line":12,"column":2}},"3":{"start":{"line":14,"column":0},"end":{"line":14,"column":27}}},"fnMap":{},"branchMap":{"0":{"loc":{"start":{"line":11,"column":11},"end":{"line":11,"column":71}},"type":"cond-expr","locations":[{"start":{"line":11,"column":52},"end":{"line":11,"column":63}},{"start":{"line":11,"column":66},"end":{"line":11,"column":71}}],"line":11}},"s":{"0":0,"1":0,"2":0,"3":0},"f":{},"b":{"0":[0,0]}}
}
